<?xml version="1.0" encoding="UTF-8"?>
<testng-results ignored="0" total="1" passed="0" failed="1" skipped="0">
  <reporter-output>
  </reporter-output>
  <suite started-at="2022-09-08T13:35:52 IST" name="Default suite" finished-at="2022-09-08T13:35:55 IST" duration-ms="2556">
    <groups>
    </groups>
    <test started-at="2022-09-08T13:35:52 IST" name="Default test" finished-at="2022-09-08T13:35:55 IST" duration-ms="2556">
      <class name="EndToEndScenarios.A">
        <test-method is-config="true" signature="bsConfig()[pri:0, instance:EndToEndScenarios.A@51c668e3]" started-at="2022-09-08T13:35:52 IST" name="bsConfig" finished-at="2022-09-08T13:35:52 IST" duration-ms="253" status="PASS">
          <reporter-output>
          </reporter-output>
        </test-method> <!-- bsConfig -->
        <test-method signature="create()[pri:0, instance:EndToEndScenarios.A@51c668e3]" started-at="2022-09-08T13:35:52 IST" name="create" finished-at="2022-09-08T13:35:55 IST" duration-ms="2520" status="FAIL">
          <exception class="java.lang.NullPointerException">
            <message>
              <![CDATA[Cannot invoke "String.equalsIgnoreCase(String)" because "BROWSER" is null]]>
            </message>
            <full-stacktrace>
              <![CDATA[java.lang.NullPointerException: Cannot invoke "String.equalsIgnoreCase(String)" because "BROWSER" is null
at GenericUtilities.BaseClass.launchTheBrowser(BaseClass.java:57)
at EndToEndScenarios.A.create(A.java:52)
at java.base/jdk.internal.reflect.NativeMethodAccessorImpl.invoke0(Native Method)
at java.base/jdk.internal.reflect.NativeMethodAccessorImpl.invoke(NativeMethodAccessorImpl.java:77)
at java.base/jdk.internal.reflect.DelegatingMethodAccessorImpl.invoke(DelegatingMethodAccessorImpl.java:43)
at java.base/java.lang.reflect.Method.invoke(Method.java:568)
at org.testng.internal.MethodInvocationHelper.invokeMethod(MethodInvocationHelper.java:133)
at org.testng.internal.TestInvoker.invokeMethod(TestInvoker.java:598)
at org.testng.internal.TestInvoker.invokeTestMethod(TestInvoker.java:173)
at org.testng.internal.MethodRunner.runInSequence(MethodRunner.java:46)
at org.testng.internal.TestInvoker$MethodInvocationAgent.invoke(TestInvoker.java:824)
at org.testng.internal.TestInvoker.invokeTestMethods(TestInvoker.java:146)
at org.testng.internal.TestMethodWorker.invokeTestMethods(TestMethodWorker.java:146)
at org.testng.internal.TestMethodWorker.run(TestMethodWorker.java:128)
at java.base/java.util.ArrayList.forEach(ArrayList.java:1511)
at org.testng.TestRunner.privateRun(TestRunner.java:794)
at org.testng.TestRunner.run(TestRunner.java:596)
at org.testng.SuiteRunner.runTest(SuiteRunner.java:377)
at org.testng.SuiteRunner.runSequentially(SuiteRunner.java:371)
at org.testng.SuiteRunner.privateRun(SuiteRunner.java:332)
at org.testng.SuiteRunner.run(SuiteRunner.java:276)
at org.testng.SuiteRunnerWorker.runSuite(SuiteRunnerWorker.java:53)
at org.testng.SuiteRunnerWorker.run(SuiteRunnerWorker.java:96)
at org.testng.TestNG.runSuitesSequentially(TestNG.java:1212)
at org.testng.TestNG.runSuitesLocally(TestNG.java:1134)
at org.testng.TestNG.runSuites(TestNG.java:1063)
at org.testng.TestNG.run(TestNG.java:1031)
at org.testng.remote.AbstractRemoteTestNG.run(AbstractRemoteTestNG.java:115)
at org.testng.remote.RemoteTestNG.initAndRun(RemoteTestNG.java:251)
at org.testng.remote.RemoteTestNG.main(RemoteTestNG.java:77)
]]>
            </full-stacktrace>
          </exception> <!-- java.lang.NullPointerException -->
          <reporter-output>
          </reporter-output>
        </test-method> <!-- create -->
        <test-method is-config="true" signature="asConfig()[pri:0, instance:EndToEndScenarios.A@51c668e3]" started-at="2022-09-08T13:35:55 IST" name="asConfig" finished-at="2022-09-08T13:35:55 IST" duration-ms="7" status="PASS">
          <reporter-output>
          </reporter-output>
        </test-method> <!-- asConfig -->
      </class> <!-- EndToEndScenarios.A -->
    </test> <!-- Default test -->
  </suite> <!-- Default suite -->
</testng-results>
